mode: set
github.com/jbruno/dumbwaiter/controller/controller.go:23.36,25.2 1 0
github.com/jbruno/dumbwaiter/controller/controller.go:59.47,62.2 2 0
github.com/jbruno/dumbwaiter/controller/controller.go:65.121,68.28 3 1
github.com/jbruno/dumbwaiter/controller/controller.go:75.2,88.19 4 1
github.com/jbruno/dumbwaiter/controller/controller.go:68.28,71.3 2 0
github.com/jbruno/dumbwaiter/controller/controller.go:71.8,73.3 1 1
github.com/jbruno/dumbwaiter/controller/controller.go:92.30,94.2 0 1
github.com/jbruno/dumbwaiter/controller/controller.go:98.44,101.6 2 1
github.com/jbruno/dumbwaiter/controller/controller.go:101.6,102.10 1 1
github.com/jbruno/dumbwaiter/controller/controller.go:103.37,108.52 2 1
github.com/jbruno/dumbwaiter/controller/controller.go:108.52,109.42 1 1
github.com/jbruno/dumbwaiter/controller/controller.go:109.42,111.6 1 1
github.com/jbruno/dumbwaiter/controller/controller.go:111.11,111.46 1 1
github.com/jbruno/dumbwaiter/controller/controller.go:111.46,113.6 1 1
github.com/jbruno/dumbwaiter/controller/controller.go:115.10,115.59 1 1
github.com/jbruno/dumbwaiter/controller/controller.go:115.59,116.42 1 1
github.com/jbruno/dumbwaiter/controller/controller.go:116.42,118.6 1 1
github.com/jbruno/dumbwaiter/controller/controller.go:118.11,118.44 1 1
github.com/jbruno/dumbwaiter/controller/controller.go:118.44,120.6 1 1
github.com/jbruno/dumbwaiter/controller/controller.go:121.10,123.5 1 1
github.com/jbruno/dumbwaiter/controller/controller.go:129.42,137.2 1 1
github.com/jbruno/dumbwaiter/controller/controller.go:139.31,142.2 2 1
github.com/jbruno/dumbwaiter/controller/controller.go:144.33,147.2 2 1
github.com/jbruno/dumbwaiter/controller/controller.go:149.29,152.2 2 1
github.com/jbruno/dumbwaiter/controller/controller.go:155.45,159.2 3 1
github.com/jbruno/dumbwaiter/controller/controller.go:162.50,166.2 3 1
github.com/jbruno/dumbwaiter/controller/controller.go:169.46,173.2 3 1
github.com/jbruno/dumbwaiter/controller/controller.go:176.51,180.2 3 1
github.com/jbruno/dumbwaiter/controller/controller.go:183.53,187.2 3 1
github.com/jbruno/dumbwaiter/controller/controller.go:190.68,194.2 3 1
